[17-Mar-2026 12:42:28 UTC] Xdebug: [Step Debug] Could not connect to debugging client. Tried: localhost:9003 (through xdebug.client_host/xdebug.client_port).
[17-Mar-2026 12:42:28 UTC] Failed to initialize key 'credentials': Invalid encrypted key data
[17-Mar-2026 12:42:31 UTC] Xdebug: [Step Debug] Could not connect to debugging client. Tried: localhost:9003 (through xdebug.client_host/xdebug.client_port).
[17-Mar-2026 12:42:31 UTC] Failed to initialize key 'credentials': Invalid encrypted key data
[17-Mar-2026 12:45:35 UTC] Failed to initialize key 'credentials': Invalid encrypted key data
[17-Mar-2026 12:52:34 UTC] Failed to initialize key 'credentials': Invalid encrypted key data
[17-Mar-2026 13:09:33 UTC] Failed to initialize key 'credentials': Invalid encrypted key data
[17-Mar-2026 14:09:33 Europe/Prague] PHP Fatal error:  Uncaught Error: Call to a member function addItem() on null in /home/vitex/Projects/Multi/multiflexi-web/src/MultiFlexi/Ui/JobFilterToolbar.php:126
Stack trace:
#0 /home/vitex/Projects/Multi/multiflexi-web/src/MultiFlexi/Ui/JobFilterToolbar.php(51): MultiFlexi\Ui\JobFilterToolbar->buildButtons()
#1 /home/vitex/Projects/Multi/multiflexi-web/src/main.php(39): MultiFlexi\Ui\JobFilterToolbar->__construct()
#2 {main}
  thrown in /home/vitex/Projects/Multi/multiflexi-web/src/MultiFlexi/Ui/JobFilterToolbar.php on line 126
[17-Mar-2026 13:09:34 UTC] Failed to initialize key 'credentials': Invalid encrypted key data
[17-Mar-2026 13:09:36 UTC] Failed to initialize key 'credentials': Invalid encrypted key data
[17-Mar-2026 13:12:43 UTC] Failed to initialize key 'default': Failed to decrypt storage key
[17-Mar-2026 13:12:43 UTC] Failed to initialize key 'credentials': Invalid encrypted key data
[17-Mar-2026 13:12:43 UTC] Failed to initialize key 'personal_data': Failed to decrypt storage key
[17-Mar-2026 13:12:48 UTC] Failed to initialize key 'default': Failed to decrypt storage key
[17-Mar-2026 13:12:48 UTC] Failed to initialize key 'credentials': Invalid encrypted key data
[17-Mar-2026 13:12:48 UTC] Failed to initialize key 'personal_data': Failed to decrypt storage key
[17-Mar-2026 13:12:49 UTC] Failed to initialize key 'default': Failed to decrypt storage key
[17-Mar-2026 13:12:49 UTC] Failed to initialize key 'credentials': Invalid encrypted key data
[17-Mar-2026 13:12:49 UTC] Failed to initialize key 'personal_data': Failed to decrypt storage key
[17-Mar-2026 13:12:52 UTC] Failed to initialize key 'default': Failed to decrypt storage key
[17-Mar-2026 13:12:52 UTC] Failed to initialize key 'credentials': Invalid encrypted key data
[17-Mar-2026 13:12:52 UTC] Failed to initialize key 'personal_data': Failed to decrypt storage key
[17-Mar-2026 13:12:52 UTC] Failed to initialize key 'default': Failed to decrypt storage key
[17-Mar-2026 13:12:52 UTC] Failed to initialize key 'credentials': Invalid encrypted key data
[17-Mar-2026 13:12:52 UTC] Failed to initialize key 'personal_data': Failed to decrypt storage key
[17-Mar-2026 13:12:53 UTC] Failed to initialize key 'default': Failed to decrypt storage key
[17-Mar-2026 13:12:53 UTC] Failed to initialize key 'credentials': Invalid encrypted key data
[17-Mar-2026 13:12:53 UTC] Failed to initialize key 'personal_data': Failed to decrypt storage key
[17-Mar-2026 13:12:53 UTC] Failed to initialize key 'default': Failed to decrypt storage key
[17-Mar-2026 13:12:53 UTC] Failed to initialize key 'credentials': Invalid encrypted key data
[17-Mar-2026 13:12:53 UTC] Failed to initialize key 'personal_data': Failed to decrypt storage key
[17-Mar-2026 13:12:54 UTC] Failed to initialize key 'default': Failed to decrypt storage key
[17-Mar-2026 13:12:54 UTC] Failed to initialize key 'credentials': Invalid encrypted key data
[17-Mar-2026 13:12:54 UTC] Failed to initialize key 'personal_data': Failed to decrypt storage key
[17-Mar-2026 13:12:54 UTC] Failed to initialize key 'default': Failed to decrypt storage key
[17-Mar-2026 13:12:54 UTC] Failed to initialize key 'credentials': Invalid encrypted key data
[17-Mar-2026 13:12:54 UTC] Failed to initialize key 'personal_data': Failed to decrypt storage key
[17-Mar-2026 13:12:55 UTC] Failed to initialize key 'default': Failed to decrypt storage key
[17-Mar-2026 13:12:55 UTC] Failed to initialize key 'credentials': Invalid encrypted key data
[17-Mar-2026 13:12:55 UTC] Failed to initialize key 'personal_data': Failed to decrypt storage key
[17-Mar-2026 13:12:55 UTC] Failed to initialize key 'default': Failed to decrypt storage key
[17-Mar-2026 13:12:55 UTC] Failed to initialize key 'credentials': Invalid encrypted key data
[17-Mar-2026 13:12:55 UTC] Failed to initialize key 'personal_data': Failed to decrypt storage key
[17-Mar-2026 13:12:57 UTC] Failed to initialize key 'default': Failed to decrypt storage key
[17-Mar-2026 13:12:57 UTC] Failed to initialize key 'credentials': Invalid encrypted key data
[17-Mar-2026 13:12:57 UTC] Failed to initialize key 'personal_data': Failed to decrypt storage key
[17-Mar-2026 13:12:58 UTC] Failed to initialize key 'default': Failed to decrypt storage key
[17-Mar-2026 13:12:58 UTC] Failed to initialize key 'credentials': Invalid encrypted key data
[17-Mar-2026 13:12:58 UTC] Failed to initialize key 'personal_data': Failed to decrypt storage key
[17-Mar-2026 13:12:58 UTC] Failed to initialize key 'default': Failed to decrypt storage key
[17-Mar-2026 13:12:58 UTC] Failed to initialize key 'credentials': Invalid encrypted key data
[17-Mar-2026 13:12:58 UTC] Failed to initialize key 'personal_data': Failed to decrypt storage key
[17-Mar-2026 13:12:59 UTC] Failed to initialize key 'default': Failed to decrypt storage key
[17-Mar-2026 13:12:59 UTC] Failed to initialize key 'credentials': Invalid encrypted key data
[17-Mar-2026 13:12:59 UTC] Failed to initialize key 'personal_data': Failed to decrypt storage key
[17-Mar-2026 13:12:59 UTC] Failed to initialize key 'default': Failed to decrypt storage key
[17-Mar-2026 13:12:59 UTC] Failed to initialize key 'credentials': Invalid encrypted key data
[17-Mar-2026 13:12:59 UTC] Failed to initialize key 'personal_data': Failed to decrypt storage key
[17-Mar-2026 13:13:00 UTC] Failed to initialize key 'default': Failed to decrypt storage key
[17-Mar-2026 13:13:00 UTC] Failed to initialize key 'credentials': Invalid encrypted key data
[17-Mar-2026 13:13:00 UTC] Failed to initialize key 'personal_data': Failed to decrypt storage key
[17-Mar-2026 13:13:00 UTC] Failed to initialize key 'default': Failed to decrypt storage key
[17-Mar-2026 13:13:00 UTC] Failed to initialize key 'credentials': Invalid encrypted key data
[17-Mar-2026 13:13:00 UTC] Failed to initialize key 'personal_data': Failed to decrypt storage key
[17-Mar-2026 13:13:01 UTC] Failed to initialize key 'default': Failed to decrypt storage key
[17-Mar-2026 13:13:01 UTC] Failed to initialize key 'credentials': Invalid encrypted key data
[17-Mar-2026 13:13:01 UTC] Failed to initialize key 'personal_data': Failed to decrypt storage key
[17-Mar-2026 13:13:01 UTC] Failed to initialize key 'default': Failed to decrypt storage key
[17-Mar-2026 13:13:01 UTC] Failed to initialize key 'credentials': Invalid encrypted key data
[17-Mar-2026 13:13:01 UTC] Failed to initialize key 'personal_data': Failed to decrypt storage key
[17-Mar-2026 13:13:01 UTC] Failed to initialize key 'default': Failed to decrypt storage key
[17-Mar-2026 13:13:01 UTC] Failed to initialize key 'credentials': Invalid encrypted key data
[17-Mar-2026 13:13:01 UTC] Failed to initialize key 'personal_data': Failed to decrypt storage key
[17-Mar-2026 13:13:02 UTC] Failed to initialize key 'default': Failed to decrypt storage key
[17-Mar-2026 13:13:02 UTC] Failed to initialize key 'credentials': Invalid encrypted key data
[17-Mar-2026 13:13:02 UTC] Failed to initialize key 'personal_data': Failed to decrypt storage key
[17-Mar-2026 13:13:02 UTC] Failed to initialize key 'default': Failed to decrypt storage key
[17-Mar-2026 13:13:02 UTC] Failed to initialize key 'credentials': Invalid encrypted key data
[17-Mar-2026 13:13:02 UTC] Failed to initialize key 'personal_data': Failed to decrypt storage key
[17-Mar-2026 13:13:03 UTC] Failed to initialize key 'default': Failed to decrypt storage key
[17-Mar-2026 13:13:03 UTC] Failed to initialize key 'credentials': Invalid encrypted key data
[17-Mar-2026 13:13:03 UTC] Failed to initialize key 'personal_data': Failed to decrypt storage key
[17-Mar-2026 13:13:03 UTC] Failed to initialize key 'default': Failed to decrypt storage key
[17-Mar-2026 13:13:03 UTC] Failed to initialize key 'credentials': Invalid encrypted key data
[17-Mar-2026 13:13:03 UTC] Failed to initialize key 'personal_data': Failed to decrypt storage key
[17-Mar-2026 13:13:04 UTC] Failed to initialize key 'default': Failed to decrypt storage key
[17-Mar-2026 13:13:04 UTC] Failed to initialize key 'credentials': Invalid encrypted key data
[17-Mar-2026 13:13:04 UTC] Failed to initialize key 'personal_data': Failed to decrypt storage key
[17-Mar-2026 13:13:04 UTC] Failed to initialize key 'default': Failed to decrypt storage key
[17-Mar-2026 13:13:04 UTC] Failed to initialize key 'credentials': Invalid encrypted key data
[17-Mar-2026 13:13:04 UTC] Failed to initialize key 'personal_data': Failed to decrypt storage key
[17-Mar-2026 13:13:05 UTC] Failed to initialize key 'default': Failed to decrypt storage key
[17-Mar-2026 13:13:05 UTC] Failed to initialize key 'credentials': Invalid encrypted key data
[17-Mar-2026 13:13:05 UTC] Failed to initialize key 'personal_data': Failed to decrypt storage key
[17-Mar-2026 13:13:05 UTC] Failed to initialize key 'default': Failed to decrypt storage key
[17-Mar-2026 13:13:05 UTC] Failed to initialize key 'credentials': Invalid encrypted key data
[17-Mar-2026 13:13:05 UTC] Failed to initialize key 'personal_data': Failed to decrypt storage key
[17-Mar-2026 13:13:06 UTC] Failed to initialize key 'default': Failed to decrypt storage key
[17-Mar-2026 13:13:06 UTC] Failed to initialize key 'credentials': Invalid encrypted key data
[17-Mar-2026 13:13:06 UTC] Failed to initialize key 'personal_data': Failed to decrypt storage key
[17-Mar-2026 13:13:06 UTC] Failed to initialize key 'default': Failed to decrypt storage key
[17-Mar-2026 13:13:06 UTC] Failed to initialize key 'credentials': Invalid encrypted key data
[17-Mar-2026 13:13:06 UTC] Failed to initialize key 'personal_data': Failed to decrypt storage key
[17-Mar-2026 13:13:06 UTC] Failed to initialize key 'default': Failed to decrypt storage key
[17-Mar-2026 13:13:06 UTC] Failed to initialize key 'credentials': Invalid encrypted key data
[17-Mar-2026 13:13:06 UTC] Failed to initialize key 'personal_data': Failed to decrypt storage key
[17-Mar-2026 13:13:07 UTC] Failed to initialize key 'default': Failed to decrypt storage key
[17-Mar-2026 13:13:07 UTC] Failed to initialize key 'credentials': Invalid encrypted key data
[17-Mar-2026 13:13:07 UTC] Failed to initialize key 'personal_data': Failed to decrypt storage key
[17-Mar-2026 13:13:07 UTC] Failed to initialize key 'default': Failed to decrypt storage key
[17-Mar-2026 13:13:07 UTC] Failed to initialize key 'credentials': Invalid encrypted key data
[17-Mar-2026 13:13:07 UTC] Failed to initialize key 'personal_data': Failed to decrypt storage key
[17-Mar-2026 13:13:08 UTC] Failed to initialize key 'default': Failed to decrypt storage key
[17-Mar-2026 13:13:08 UTC] Failed to initialize key 'credentials': Invalid encrypted key data
[17-Mar-2026 13:13:08 UTC] Failed to initialize key 'personal_data': Failed to decrypt storage key
[17-Mar-2026 13:13:08 UTC] Failed to initialize key 'default': Failed to decrypt storage key
[17-Mar-2026 13:13:08 UTC] Failed to initialize key 'credentials': Invalid encrypted key data
[17-Mar-2026 13:13:08 UTC] Failed to initialize key 'personal_data': Failed to decrypt storage key
[17-Mar-2026 13:13:09 UTC] Failed to initialize key 'default': Failed to decrypt storage key
[17-Mar-2026 13:13:09 UTC] Failed to initialize key 'credentials': Invalid encrypted key data
[17-Mar-2026 13:13:09 UTC] Failed to initialize key 'personal_data': Failed to decrypt storage key
[17-Mar-2026 13:13:09 UTC] Failed to initialize key 'default': Failed to decrypt storage key
[17-Mar-2026 13:13:09 UTC] Failed to initialize key 'credentials': Invalid encrypted key data
[17-Mar-2026 13:13:09 UTC] Failed to initialize key 'personal_data': Failed to decrypt storage key
[17-Mar-2026 13:13:10 UTC] Failed to initialize key 'default': Failed to decrypt storage key
[17-Mar-2026 13:13:10 UTC] Failed to initialize key 'credentials': Invalid encrypted key data
[17-Mar-2026 13:13:10 UTC] Failed to initialize key 'personal_data': Failed to decrypt storage key
[17-Mar-2026 13:13:10 UTC] Failed to initialize key 'default': Failed to decrypt storage key
[17-Mar-2026 13:13:10 UTC] Failed to initialize key 'credentials': Invalid encrypted key data
[17-Mar-2026 13:13:10 UTC] Failed to initialize key 'personal_data': Failed to decrypt storage key
[17-Mar-2026 13:13:10 UTC] Failed to initialize key 'default': Failed to decrypt storage key
[17-Mar-2026 13:13:10 UTC] Failed to initialize key 'credentials': Invalid encrypted key data
[17-Mar-2026 13:13:10 UTC] Failed to initialize key 'personal_data': Failed to decrypt storage key
[17-Mar-2026 13:13:11 UTC] Failed to initialize key 'default': Failed to decrypt storage key
[17-Mar-2026 13:13:11 UTC] Failed to initialize key 'credentials': Invalid encrypted key data
[17-Mar-2026 13:13:11 UTC] Failed to initialize key 'personal_data': Failed to decrypt storage key
[17-Mar-2026 13:13:11 UTC] Failed to initialize key 'default': Failed to decrypt storage key
[17-Mar-2026 13:13:11 UTC] Failed to initialize key 'credentials': Invalid encrypted key data
[17-Mar-2026 13:13:11 UTC] Failed to initialize key 'personal_data': Failed to decrypt storage key
[17-Mar-2026 13:13:12 UTC] Failed to initialize key 'default': Failed to decrypt storage key
[17-Mar-2026 13:13:12 UTC] Failed to initialize key 'credentials': Invalid encrypted key data
[17-Mar-2026 13:13:12 UTC] Failed to initialize key 'personal_data': Failed to decrypt storage key
[17-Mar-2026 13:13:53 UTC] Failed to initialize key 'default': Failed to decrypt storage key
[17-Mar-2026 13:13:53 UTC] Failed to initialize key 'credentials': Invalid encrypted key data
[17-Mar-2026 13:13:53 UTC] Failed to initialize key 'personal_data': Failed to decrypt storage key
[17-Mar-2026 13:13:55 UTC] Failed to initialize key 'default': Failed to decrypt storage key
[17-Mar-2026 13:13:55 UTC] Failed to initialize key 'credentials': Invalid encrypted key data
[17-Mar-2026 13:13:55 UTC] Failed to initialize key 'personal_data': Failed to decrypt storage key
[17-Mar-2026 13:14:54 UTC] Failed to initialize key 'default': Failed to decrypt storage key
[17-Mar-2026 13:14:54 UTC] Failed to initialize key 'credentials': Invalid encrypted key data
[17-Mar-2026 13:14:54 UTC] Failed to initialize key 'personal_data': Failed to decrypt storage key
[17-Mar-2026 13:14:56 UTC] Failed to initialize key 'default': Failed to decrypt storage key
[17-Mar-2026 13:14:56 UTC] Failed to initialize key 'credentials': Invalid encrypted key data
[17-Mar-2026 13:14:56 UTC] Failed to initialize key 'personal_data': Failed to decrypt storage key
[17-Mar-2026 13:15:22 UTC] Failed to initialize key 'default': Failed to decrypt storage key
[17-Mar-2026 13:15:22 UTC] Failed to initialize key 'credentials': Invalid encrypted key data
[17-Mar-2026 13:15:22 UTC] Failed to initialize key 'personal_data': Failed to decrypt storage key
[17-Mar-2026 13:15:24 UTC] Failed to initialize key 'default': Failed to decrypt storage key
[17-Mar-2026 13:15:24 UTC] Failed to initialize key 'credentials': Invalid encrypted key data
[17-Mar-2026 13:15:24 UTC] Failed to initialize key 'personal_data': Failed to decrypt storage key
[17-Mar-2026 13:15:24 UTC] Failed to initialize key 'default': Failed to decrypt storage key
[17-Mar-2026 13:15:24 UTC] Failed to initialize key 'credentials': Invalid encrypted key data
[17-Mar-2026 13:15:24 UTC] Failed to initialize key 'personal_data': Failed to decrypt storage key
[17-Mar-2026 13:15:35 UTC] Failed to initialize key 'default': Failed to decrypt storage key
[17-Mar-2026 13:15:35 UTC] Failed to initialize key 'credentials': Invalid encrypted key data
[17-Mar-2026 13:15:35 UTC] Failed to initialize key 'personal_data': Failed to decrypt storage key
[17-Mar-2026 13:15:38 UTC] Failed to initialize key 'default': Failed to decrypt storage key
[17-Mar-2026 13:15:38 UTC] Failed to initialize key 'credentials': Invalid encrypted key data
[17-Mar-2026 13:15:38 UTC] Failed to initialize key 'personal_data': Failed to decrypt storage key
[17-Mar-2026 13:15:39 UTC] Failed to initialize key 'default': Failed to decrypt storage key
[17-Mar-2026 13:15:39 UTC] Failed to initialize key 'credentials': Invalid encrypted key data
[17-Mar-2026 13:15:39 UTC] Failed to initialize key 'personal_data': Failed to decrypt storage key
[17-Mar-2026 13:15:39 UTC] Failed to initialize key 'default': Failed to decrypt storage key
[17-Mar-2026 13:15:39 UTC] Failed to initialize key 'credentials': Invalid encrypted key data
[17-Mar-2026 13:15:39 UTC] Failed to initialize key 'personal_data': Failed to decrypt storage key
[17-Mar-2026 13:15:39 UTC] Failed to initialize key 'default': Failed to decrypt storage key
[17-Mar-2026 13:15:39 UTC] Failed to initialize key 'credentials': Invalid encrypted key data
[17-Mar-2026 13:15:39 UTC] Failed to initialize key 'personal_data': Failed to decrypt storage key
[17-Mar-2026 13:15:40 UTC] Failed to initialize key 'default': Failed to decrypt storage key
[17-Mar-2026 13:15:40 UTC] Failed to initialize key 'credentials': Invalid encrypted key data
[17-Mar-2026 13:15:40 UTC] Failed to initialize key 'personal_data': Failed to decrypt storage key
[17-Mar-2026 13:15:40 UTC] Failed to initialize key 'default': Failed to decrypt storage key
[17-Mar-2026 13:15:40 UTC] Failed to initialize key 'credentials': Invalid encrypted key data
[17-Mar-2026 13:15:40 UTC] Failed to initialize key 'personal_data': Failed to decrypt storage key
[17-Mar-2026 13:15:41 UTC] Failed to initialize key 'default': Failed to decrypt storage key
[17-Mar-2026 13:15:41 UTC] Failed to initialize key 'credentials': Invalid encrypted key data
[17-Mar-2026 13:15:41 UTC] Failed to initialize key 'personal_data': Failed to decrypt storage key
[17-Mar-2026 13:15:43 UTC] Failed to initialize key 'default': Failed to decrypt storage key
[17-Mar-2026 13:15:43 UTC] Failed to initialize key 'credentials': Invalid encrypted key data
[17-Mar-2026 13:15:43 UTC] Failed to initialize key 'personal_data': Failed to decrypt storage key
[17-Mar-2026 13:15:44 UTC] Failed to initialize key 'default': Failed to decrypt storage key
[17-Mar-2026 13:15:44 UTC] Failed to initialize key 'credentials': Invalid encrypted key data
[17-Mar-2026 13:15:44 UTC] Failed to initialize key 'personal_data': Failed to decrypt storage key
[17-Mar-2026 13:15:44 UTC] Failed to initialize key 'default': Failed to decrypt storage key
[17-Mar-2026 13:15:44 UTC] Failed to initialize key 'credentials': Invalid encrypted key data
[17-Mar-2026 13:15:44 UTC] Failed to initialize key 'personal_data': Failed to decrypt storage key
[17-Mar-2026 13:15:45 UTC] Failed to initialize key 'default': Failed to decrypt storage key
[17-Mar-2026 13:15:45 UTC] Failed to initialize key 'credentials': Invalid encrypted key data
[17-Mar-2026 13:15:45 UTC] Failed to initialize key 'personal_data': Failed to decrypt storage key
[17-Mar-2026 13:15:45 UTC] Failed to initialize key 'default': Failed to decrypt storage key
[17-Mar-2026 13:15:45 UTC] Failed to initialize key 'credentials': Invalid encrypted key data
[17-Mar-2026 13:15:45 UTC] Failed to initialize key 'personal_data': Failed to decrypt storage key
[17-Mar-2026 13:15:45 UTC] Failed to initialize key 'default': Failed to decrypt storage key
[17-Mar-2026 13:15:45 UTC] Failed to initialize key 'credentials': Invalid encrypted key data
[17-Mar-2026 13:15:45 UTC] Failed to initialize key 'personal_data': Failed to decrypt storage key
[17-Mar-2026 13:15:46 UTC] Failed to initialize key 'default': Failed to decrypt storage key
[17-Mar-2026 13:15:46 UTC] Failed to initialize key 'credentials': Invalid encrypted key data
[17-Mar-2026 13:15:46 UTC] Failed to initialize key 'personal_data': Failed to decrypt storage key
[17-Mar-2026 13:15:46 UTC] Failed to initialize key 'default': Failed to decrypt storage key
[17-Mar-2026 13:15:46 UTC] Failed to initialize key 'credentials': Invalid encrypted key data
[17-Mar-2026 13:15:46 UTC] Failed to initialize key 'personal_data': Failed to decrypt storage key
[17-Mar-2026 13:15:47 UTC] Failed to initialize key 'default': Failed to decrypt storage key
[17-Mar-2026 13:15:47 UTC] Failed to initialize key 'credentials': Invalid encrypted key data
[17-Mar-2026 13:15:47 UTC] Failed to initialize key 'personal_data': Failed to decrypt storage key
[17-Mar-2026 13:15:47 UTC] Failed to initialize key 'default': Failed to decrypt storage key
[17-Mar-2026 13:15:47 UTC] Failed to initialize key 'credentials': Invalid encrypted key data
[17-Mar-2026 13:15:47 UTC] Failed to initialize key 'personal_data': Failed to decrypt storage key
[17-Mar-2026 13:15:48 UTC] Failed to initialize key 'default': Failed to decrypt storage key
[17-Mar-2026 13:15:48 UTC] Failed to initialize key 'credentials': Invalid encrypted key data
[17-Mar-2026 13:15:48 UTC] Failed to initialize key 'personal_data': Failed to decrypt storage key
[17-Mar-2026 13:15:48 UTC] Failed to initialize key 'default': Failed to decrypt storage key
[17-Mar-2026 13:15:48 UTC] Failed to initialize key 'credentials': Invalid encrypted key data
[17-Mar-2026 13:15:48 UTC] Failed to initialize key 'personal_data': Failed to decrypt storage key
[17-Mar-2026 13:15:49 UTC] Failed to initialize key 'default': Failed to decrypt storage key
[17-Mar-2026 13:15:49 UTC] Failed to initialize key 'credentials': Invalid encrypted key data
[17-Mar-2026 13:15:49 UTC] Failed to initialize key 'personal_data': Failed to decrypt storage key
[17-Mar-2026 13:15:49 UTC] Failed to initialize key 'default': Failed to decrypt storage key
[17-Mar-2026 13:15:49 UTC] Failed to initialize key 'credentials': Invalid encrypted key data
[17-Mar-2026 13:15:49 UTC] Failed to initialize key 'personal_data': Failed to decrypt storage key
[17-Mar-2026 13:15:49 UTC] Failed to initialize key 'default': Failed to decrypt storage key
[17-Mar-2026 13:15:49 UTC] Failed to initialize key 'credentials': Invalid encrypted key data
[17-Mar-2026 13:15:49 UTC] Failed to initialize key 'personal_data': Failed to decrypt storage key
[17-Mar-2026 13:15:50 UTC] Failed to initialize key 'default': Failed to decrypt storage key
[17-Mar-2026 13:15:50 UTC] Failed to initialize key 'credentials': Invalid encrypted key data
[17-Mar-2026 13:15:50 UTC] Failed to initialize key 'personal_data': Failed to decrypt storage key
[17-Mar-2026 13:15:50 UTC] Failed to initialize key 'default': Failed to decrypt storage key
[17-Mar-2026 13:15:50 UTC] Failed to initialize key 'credentials': Invalid encrypted key data
[17-Mar-2026 13:15:50 UTC] Failed to initialize key 'personal_data': Failed to decrypt storage key
[17-Mar-2026 13:15:51 UTC] Failed to initialize key 'default': Failed to decrypt storage key
[17-Mar-2026 13:15:51 UTC] Failed to initialize key 'credentials': Invalid encrypted key data
[17-Mar-2026 13:15:51 UTC] Failed to initialize key 'personal_data': Failed to decrypt storage key
[17-Mar-2026 13:15:51 UTC] Failed to initialize key 'default': Failed to decrypt storage key
[17-Mar-2026 13:15:51 UTC] Failed to initialize key 'credentials': Invalid encrypted key data
[17-Mar-2026 13:15:51 UTC] Failed to initialize key 'personal_data': Failed to decrypt storage key
[17-Mar-2026 13:15:52 UTC] Failed to initialize key 'default': Failed to decrypt storage key
[17-Mar-2026 13:15:52 UTC] Failed to initialize key 'credentials': Invalid encrypted key data
[17-Mar-2026 13:15:52 UTC] Failed to initialize key 'personal_data': Failed to decrypt storage key
[17-Mar-2026 13:15:52 UTC] Failed to initialize key 'default': Failed to decrypt storage key
[17-Mar-2026 13:15:52 UTC] Failed to initialize key 'credentials': Invalid encrypted key data
[17-Mar-2026 13:15:52 UTC] Failed to initialize key 'personal_data': Failed to decrypt storage key
[17-Mar-2026 13:15:53 UTC] Failed to initialize key 'default': Failed to decrypt storage key
[17-Mar-2026 13:15:53 UTC] Failed to initialize key 'credentials': Invalid encrypted key data
[17-Mar-2026 13:15:53 UTC] Failed to initialize key 'personal_data': Failed to decrypt storage key
[17-Mar-2026 13:15:53 UTC] Failed to initialize key 'default': Failed to decrypt storage key
[17-Mar-2026 13:15:53 UTC] Failed to initialize key 'credentials': Invalid encrypted key data
[17-Mar-2026 13:15:53 UTC] Failed to initialize key 'personal_data': Failed to decrypt storage key
[17-Mar-2026 13:15:54 UTC] Failed to initialize key 'default': Failed to decrypt storage key
[17-Mar-2026 13:15:54 UTC] Failed to initialize key 'credentials': Invalid encrypted key data
[17-Mar-2026 13:15:54 UTC] Failed to initialize key 'personal_data': Failed to decrypt storage key
[17-Mar-2026 13:15:54 UTC] Failed to initialize key 'default': Failed to decrypt storage key
[17-Mar-2026 13:15:54 UTC] Failed to initialize key 'credentials': Invalid encrypted key data
[17-Mar-2026 13:15:54 UTC] Failed to initialize key 'personal_data': Failed to decrypt storage key
[17-Mar-2026 13:15:54 UTC] Failed to initialize key 'default': Failed to decrypt storage key
[17-Mar-2026 13:15:54 UTC] Failed to initialize key 'credentials': Invalid encrypted key data
[17-Mar-2026 13:15:54 UTC] Failed to initialize key 'personal_data': Failed to decrypt storage key
[17-Mar-2026 13:15:55 UTC] Failed to initialize key 'default': Failed to decrypt storage key
[17-Mar-2026 13:15:55 UTC] Failed to initialize key 'credentials': Invalid encrypted key data
[17-Mar-2026 13:15:55 UTC] Failed to initialize key 'personal_data': Failed to decrypt storage key
[17-Mar-2026 13:15:55 UTC] Failed to initialize key 'default': Failed to decrypt storage key
[17-Mar-2026 13:15:55 UTC] Failed to initialize key 'credentials': Invalid encrypted key data
[17-Mar-2026 13:15:55 UTC] Failed to initialize key 'personal_data': Failed to decrypt storage key
[17-Mar-2026 13:15:56 UTC] Failed to initialize key 'default': Failed to decrypt storage key
[17-Mar-2026 13:15:56 UTC] Failed to initialize key 'credentials': Invalid encrypted key data
[17-Mar-2026 13:15:56 UTC] Failed to initialize key 'personal_data': Failed to decrypt storage key
[17-Mar-2026 13:15:56 UTC] Failed to initialize key 'default': Failed to decrypt storage key
[17-Mar-2026 13:15:56 UTC] Failed to initialize key 'credentials': Invalid encrypted key data
[17-Mar-2026 13:15:56 UTC] Failed to initialize key 'personal_data': Failed to decrypt storage key
[17-Mar-2026 13:15:57 UTC] Failed to initialize key 'default': Failed to decrypt storage key
[17-Mar-2026 13:15:57 UTC] Failed to initialize key 'credentials': Invalid encrypted key data
[17-Mar-2026 13:15:57 UTC] Failed to initialize key 'personal_data': Failed to decrypt storage key
[17-Mar-2026 13:15:57 UTC] Failed to initialize key 'default': Failed to decrypt storage key
[17-Mar-2026 13:15:57 UTC] Failed to initialize key 'credentials': Invalid encrypted key data
[17-Mar-2026 13:15:57 UTC] Failed to initialize key 'personal_data': Failed to decrypt storage key
[17-Mar-2026 13:15:58 UTC] Failed to initialize key 'default': Failed to decrypt storage key
[17-Mar-2026 13:15:58 UTC] Failed to initialize key 'credentials': Invalid encrypted key data
[17-Mar-2026 13:15:58 UTC] Failed to initialize key 'personal_data': Failed to decrypt storage key
[17-Mar-2026 13:15:58 UTC] Failed to initialize key 'default': Failed to decrypt storage key
[17-Mar-2026 13:15:58 UTC] Failed to initialize key 'credentials': Invalid encrypted key data
[17-Mar-2026 13:15:58 UTC] Failed to initialize key 'personal_data': Failed to decrypt storage key
[17-Mar-2026 13:16:06 UTC] Failed to initialize key 'default': Failed to decrypt storage key
[17-Mar-2026 13:16:06 UTC] Failed to initialize key 'credentials': Invalid encrypted key data
[17-Mar-2026 13:16:06 UTC] Failed to initialize key 'personal_data': Failed to decrypt storage key
[17-Mar-2026 13:16:08 UTC] Failed to initialize key 'default': Failed to decrypt storage key
[17-Mar-2026 13:16:08 UTC] Failed to initialize key 'credentials': Invalid encrypted key data
[17-Mar-2026 13:16:08 UTC] Failed to initialize key 'personal_data': Failed to decrypt storage key
[17-Mar-2026 13:16:09 UTC] Failed to initialize key 'default': Failed to decrypt storage key
[17-Mar-2026 13:16:09 UTC] Failed to initialize key 'credentials': Invalid encrypted key data
[17-Mar-2026 13:16:09 UTC] Failed to initialize key 'personal_data': Failed to decrypt storage key
[17-Mar-2026 13:16:14 UTC] Failed to initialize key 'default': Failed to decrypt storage key
[17-Mar-2026 13:16:14 UTC] Failed to initialize key 'credentials': Invalid encrypted key data
[17-Mar-2026 13:16:14 UTC] Failed to initialize key 'personal_data': Failed to decrypt storage key
[17-Mar-2026 13:16:16 UTC] Failed to initialize key 'default': Failed to decrypt storage key
[17-Mar-2026 13:16:16 UTC] Failed to initialize key 'credentials': Invalid encrypted key data
[17-Mar-2026 13:16:16 UTC] Failed to initialize key 'personal_data': Failed to decrypt storage key
[17-Mar-2026 13:16:17 UTC] Failed to initialize key 'default': Failed to decrypt storage key
[17-Mar-2026 13:16:17 UTC] Failed to initialize key 'credentials': Invalid encrypted key data
[17-Mar-2026 13:16:17 UTC] Failed to initialize key 'personal_data': Failed to decrypt storage key
[17-Mar-2026 13:16:21 UTC] Failed to initialize key 'default': Failed to decrypt storage key
[17-Mar-2026 13:16:21 UTC] Failed to initialize key 'credentials': Invalid encrypted key data
[17-Mar-2026 13:16:21 UTC] Failed to initialize key 'personal_data': Failed to decrypt storage key
[17-Mar-2026 13:16:23 UTC] Failed to initialize key 'default': Failed to decrypt storage key
[17-Mar-2026 13:16:23 UTC] Failed to initialize key 'credentials': Invalid encrypted key data
[17-Mar-2026 13:16:23 UTC] Failed to initialize key 'personal_data': Failed to decrypt storage key
[17-Mar-2026 13:16:23 UTC] Failed to initialize key 'default': Failed to decrypt storage key
[17-Mar-2026 13:16:23 UTC] Failed to initialize key 'credentials': Invalid encrypted key data
[17-Mar-2026 13:16:23 UTC] Failed to initialize key 'personal_data': Failed to decrypt storage key
[17-Mar-2026 13:16:25 UTC] Failed to initialize key 'default': Failed to decrypt storage key
[17-Mar-2026 13:16:25 UTC] Failed to initialize key 'credentials': Invalid encrypted key data
[17-Mar-2026 13:16:25 UTC] Failed to initialize key 'personal_data': Failed to decrypt storage key
